<?xml version="1.0" encoding="UTF-8"?>
<testsuite xmlns:xsi="http://www.w3.org/2001/XMLSchema-instance" xsi:noNamespaceSchemaLocation="https://maven.apache.org/surefire/maven-surefire-plugin/xsd/surefire-test-report-3.0.xsd" version="3.0" name="com.example.SpringBoot3FirstApplication.SpringBoot3FirstApplicationTests" time="4.843" tests="1" errors="0" skipped="0" failures="0">
  <properties>
[...]
</properties>
  <testcase name="contextLoads" classname="com.example.SpringBoot3FirstApplication.SpringBoot3FirstApplicationTests" time="1.347">
    <system-out><![CDATA[03:39:57.696 [main] INFO org.springframework.test.context.support.AnnotationConfigContextLoaderUtils -- Could not detect default configuration classes for test class [com.example.SpringBoot3FirstApplication.SpringBoot3FirstApplicationTests]: SpringBoot3FirstApplicationTests does not declare any static, non-private, non-final, nested classes annotated with @Configuration.
03:39:57.908 [main] INFO org.springframework.boot.test.context.SpringBootTestContextBootstrapper -- Found @SpringBootConfiguration com.example.SpringBoot3FirstApplication.SpringBoot3FirstApplication for test class com.example.SpringBoot3FirstApplication.SpringBoot3FirstApplicationTests

  .   ____          _            __ _ _
 /\\ / ___'_ __ _ _(_)_ __  __ _ \ \ \ \
( ( )\___ | '_ | '_| | '_ \/ _` | \ \ \ \
 \\/  ___)| |_)| | | | | || (_| |  ) ) ) )
  '  |____| .__|_| |_|_| |_\__, | / / / /
 =========|_|==============|___/=/_/_/_/
 :: Spring Boot ::                (v3.2.9)

2024-08-30T03:39:58.671-05:00  INFO 8360 --- [SpringBoot3FirstApplication] [           main] c.e.S.SpringBoot3FirstApplicationTests   : Starting SpringBoot3FirstApplicationTests using Java 19.0.1 with PID 8360 (started by puppa in C:\Users\puppa\All_Git_Files\SpringBootJava\SpringBoot3FirstApplication\SpringBoot3FirstApplication)
2024-08-30T03:39:58.674-05:00  INFO 8360 --- [SpringBoot3FirstApplication] [           main] c.e.S.SpringBoot3FirstApplicationTests   : No active profile set, falling back to 1 default profile: "default"
2024-08-30T03:40:00.817-05:00  INFO 8360 --- [SpringBoot3FirstApplication] [           main] c.e.S.SpringBoot3FirstApplicationTests   : Started SpringBoot3FirstApplicationTests in 2.633 seconds (process running for 4.546)
]]></system-out>
  </testcase>
</testsuite>